# JRE version: OpenJDK Runtime Environment Temurin-17.0.7+7 (17.0.7+7) (build 17.0.7+7)
# Java VM: OpenJDK 64-Bit Server VM Temurin-17.0.7+7 (17.0.7+7, mixed mode, tiered, compressed oops, compressed class ptrs, g1 gc, windows-amd64)
GC Precious Log:
 CPUs: 4 total, 4 available
 Memory: 4011M
 Large Page Support: Disabled
 NUMA Support: Disabled
 Compressed Oops: Enabled (32-bit)
 Heap Region Size: 1M
 Heap Min Capacity: 8M
 Heap Initial Capacity: 64M
 Heap Max Capacity: 1004M
 Pre-touch: Disabled
 Parallel Workers: 4
 Concurrent Workers: 1
 Concurrent Refinement Workers: 4
 Periodic GC: Disabled
Heap:
 garbage-first heap   total 51200K, used 31246K [0x00000000c1400000, 0x0000000100000000)
  region size 1024K, 3 young (3072K), 1 survivors (1024K)
 Metaspace       used 76533K, committed 77056K, reserved 1179648K
  class space    used 10254K, committed 10496K, reserved 1048576K
GC Heap History (20 events):
Event: 15.627 GC heap before
{Heap before GC invocations=21 (full 0):
 garbage-first heap   total 39936K, used 30427K [0x00000000c1400000, 0x0000000100000000)
  region size 1024K, 11 young (11264K), 2 survivors (2048K)
 Metaspace       used 54358K, committed 54784K, reserved 1114112K
  class space    used 6769K, committed 6976K, reserved 1048576K
}
Event: 15.634 GC heap after
{Heap after GC invocations=22 (full 0):
 garbage-first heap   total 39936K, used 23066K [0x00000000c1400000, 0x0000000100000000)
  region size 1024K, 1 young (1024K), 1 survivors (1024K)
 Metaspace       used 54358K, committed 54784K, reserved 1114112K
  class space    used 6769K, committed 6976K, reserved 1048576K
}
Event: 16.114 GC heap before
{Heap before GC invocations=23 (full 0):
 garbage-first heap   total 40960K, used 32282K [0x00000000c1400000, 0x0000000100000000)
  region size 1024K, 10 young (10240K), 1 survivors (1024K)
 Metaspace       used 56279K, committed 56704K, reserved 1114112K
  class space    used 7029K, committed 7232K, reserved 1048576K
}
Event: 16.117 GC heap after
{Heap after GC invocations=24 (full 0):
 garbage-first heap   total 40960K, used 23541K [0x00000000c1400000, 0x0000000100000000)
  region size 1024K, 2 young (2048K), 2 survivors (2048K)
 Metaspace       used 56279K, committed 56704K, reserved 1114112K
  class space    used 7029K, committed 7232K, reserved 1048576K
}
Event: 16.665 GC heap before
{Heap before GC invocations=24 (full 0):
 garbage-first heap   total 40960K, used 31733K [0x00000000c1400000, 0x0000000100000000)
  region size 1024K, 11 young (11264K), 2 survivors (2048K)
 Metaspace       used 58504K, committed 58944K, reserved 1114112K
  class space    used 7308K, committed 7488K, reserved 1048576K
}
Event: 16.669 GC heap after
{Heap after GC invocations=25 (full 0):
 garbage-first heap   total 40960K, used 23992K [0x00000000c1400000, 0x0000000100000000)
  region size 1024K, 2 young (2048K), 2 survivors (2048K)
 Metaspace       used 58504K, committed 58944K, reserved 1114112K
  class space    used 7308K, committed 7488K, reserved 1048576K
}
Event: 17.196 GC heap before
{Heap before GC invocations=26 (full 0):
 garbage-first heap   total 45056K, used 31160K [0x00000000c1400000, 0x0000000100000000)
  region size 1024K, 10 young (10240K), 2 survivors (2048K)
 Metaspace       used 61747K, committed 62144K, reserved 1114112K
  class space    used 7826K, committed 8000K, reserved 1048576K
}
Event: 17.199 GC heap after
{Heap after GC invocations=27 (full 0):
 garbage-first heap   total 45056K, used 24327K [0x00000000c1400000, 0x0000000100000000)
  region size 1024K, 2 young (2048K), 2 survivors (2048K)
 Metaspace       used 61747K, committed 62144K, reserved 1114112K
  class space    used 7826K, committed 8000K, reserved 1048576K
}
Event: 18.021 GC heap before
{Heap before GC invocations=27 (full 0):
 garbage-first heap   total 45056K, used 35591K [0x00000000c1400000, 0x0000000100000000)
  region size 1024K, 13 young (13312K), 2 survivors (2048K)
 Metaspace       used 64280K, committed 64704K, reserved 1114112K
  class space    used 8309K, committed 8512K, reserved 1048576K
}
Event: 18.027 GC heap after
{Heap after GC invocations=28 (full 0):
 garbage-first heap   total 45056K, used 24753K [0x00000000c1400000, 0x0000000100000000)
  region size 1024K, 2 young (2048K), 2 survivors (2048K)
 Metaspace       used 64280K, committed 64704K, reserved 1114112K
  class space    used 8309K, committed 8512K, reserved 1048576K
}
Event: 19.267 GC heap before
{Heap before GC invocations=29 (full 0):
 garbage-first heap   total 45056K, used 36017K [0x00000000c1400000, 0x0000000100000000)
  region size 1024K, 13 young (13312K), 2 survivors (2048K)
 Metaspace       used 66921K, committed 67520K, reserved 1114112K
  class space    used 8729K, committed 9024K, reserved 1048576K
}
Event: 19.272 GC heap after
{Heap after GC invocations=30 (full 0):
 garbage-first heap   total 45056K, used 25244K [0x00000000c1400000, 0x0000000100000000)
  region size 1024K, 2 young (2048K), 2 survivors (2048K)
 Metaspace       used 66921K, committed 67520K, reserved 1114112K
  class space    used 8729K, committed 9024K, reserved 1048576K
}
Event: 20.653 GC heap before
{Heap before GC invocations=30 (full 0):
 garbage-first heap   total 45056K, used 36508K [0x00000000c1400000, 0x0000000100000000)
  region size 1024K, 13 young (13312K), 2 survivors (2048K)
 Metaspace       used 68884K, committed 69440K, reserved 1114112K
  class space    used 8986K, committed 9280K, reserved 1048576K
}
Event: 20.660 GC heap after
{Heap after GC invocations=31 (full 0):
 garbage-first heap   total 45056K, used 26510K [0x00000000c1400000, 0x0000000100000000)
  region size 1024K, 2 young (2048K), 2 survivors (2048K)
 Metaspace       used 68884K, committed 69440K, reserved 1114112K
  class space    used 8986K, committed 9280K, reserved 1048576K
}
Event: 21.197 GC heap before
{Heap before GC invocations=32 (full 0):
 garbage-first heap   total 48128K, used 35726K [0x00000000c1400000, 0x0000000100000000)
  region size 1024K, 12 young (12288K), 2 survivors (2048K)
 Metaspace       used 70820K, committed 71360K, reserved 1114112K
  class space    used 9260K, committed 9536K, reserved 1048576K
}
Event: 21.207 GC heap after
{Heap after GC invocations=33 (full 0):
 garbage-first heap   total 48128K, used 27431K [0x00000000c1400000, 0x0000000100000000)
  region size 1024K, 2 young (2048K), 2 survivors (2048K)
 Metaspace       used 70820K, committed 71360K, reserved 1114112K
  class space    used 9260K, committed 9536K, reserved 1048576K
}
Event: 21.680 GC heap before
{Heap before GC invocations=33 (full 0):
 garbage-first heap   total 48128K, used 38695K [0x00000000c1400000, 0x0000000100000000)
  region size 1024K, 13 young (13312K), 2 survivors (2048K)
 Metaspace       used 72500K, committed 73088K, reserved 1114112K
  class space    used 9591K, committed 9856K, reserved 1048576K
}
Event: 21.686 GC heap after
{Heap after GC invocations=34 (full 0):
 garbage-first heap   total 48128K, used 28112K [0x00000000c1400000, 0x0000000100000000)
  region size 1024K, 2 young (2048K), 2 survivors (2048K)
 Metaspace       used 72500K, committed 73088K, reserved 1114112K
  class space    used 9591K, committed 9856K, reserved 1048576K
}
Event: 22.168 GC heap before
{Heap before GC invocations=35 (full 0):
 garbage-first heap   total 51200K, used 38352K [0x00000000c1400000, 0x0000000100000000)
  region size 1024K, 13 young (13312K), 2 survivors (2048K)
 Metaspace       used 74395K, committed 74944K, reserved 1114112K
  class space    used 9971K, committed 10240K, reserved 1048576K
}
Event: 22.176 GC heap after
{Heap after GC invocations=36 (full 0):
 garbage-first heap   total 51200K, used 29394K [0x00000000c1400000, 0x0000000100000000)
  region size 1024K, 2 young (2048K), 2 survivors (2048K)
 Metaspace       used 74395K, committed 74944K, reserved 1114112K
  class space    used 9971K, committed 10240K, reserved 1048576K
}

